Running swedish_test
Testing with SAXON HE 9.5.1.5
Swedish uncontracted using Dotify
expect
Swedish uncontracted using liblouis
expect
      FAILED
Tests run: 2, Failures: 1, Errors: 0, Skipped: 0, Time elapsed: 1.975 s <<< FAILURE!
