Running 43_1_test
Testing with SAXON HE 9.5.1.5
Exclude certain elements from automatic hyphenation.
expect
      FAILED
Tests run: 1, Failures: 1, Errors: 0, Skipped: 0, Time elapsed: 33.67 ms <<< FAILURE!
